#
# There is insufficient memory for the Java Runtime Environment to continue.
# Native memory allocation (malloc) failed to allocate 1048576 bytes for AllocateHeap
# Possible reasons:
#   The system is out of physical RAM or swap space
#   In 32 bit mode, the process size limit was hit
# Possible solutions:
#   Reduce memory load on the system
#   Increase physical memory or swap space
#   Check if swap backing store is full
#   Use 64 bit Java on a 64 bit OS
#   Decrease Java heap size (-Xmx/-Xms)
#   Decrease number of Java threads
#   Decrease Java thread stack sizes (-Xss)
#   Set larger code cache with -XX:ReservedCodeCacheSize=
# This output file may be truncated or incomplete.
#
#  Out of Memory Error (memory/allocation.inline.hpp:61), pid=9020, tid=12776
#
# JRE version:  (8.0_51-b16) (build )
# Java VM: Java HotSpot(TM) 64-Bit Server VM (25.51-b03 mixed mode windows-amd64 compressed oops)
# Failed to write core dump. Minidumps are not enabled by default on client versions of Windows
#

---------------  T H R E A D  ---------------

Current thread (0x0000000001fb0800):  JavaThread "Unknown thread" [_thread_in_vm, id=12776, stack(0x0000000001e30000,0x0000000001f30000)]

Stack: [0x0000000001e30000,0x0000000001f30000]
Native frames: (J=compiled Java code, j=interpreted, Vv=VM code, C=native code)
V  [jvm.dll+0x32b4ca]
V  [jvm.dll+0x2797e3]
V  [jvm.dll+0x27a479]
V  [jvm.dll+0x271765]
V  [jvm.dll+0x1606]
V  [jvm.dll+0x2707d2]
V  [jvm.dll+0x3eec6a]
V  [jvm.dll+0x3ea537]
V  [jvm.dll+0xf2c22]
V  [jvm.dll+0x20f0a9]
V  [jvm.dll+0x240d2a]
V  [jvm.dll+0x15b9a1]
C  [java.exe+0x216e]
C  [java.exe+0xcd07]
C  [java.exe+0xcd9b]
C  [KERNEL32.DLL+0x13d2]
C  [ntdll.dll+0x154e4]


---------------  P R O C E S S  ---------------

Java Threads: ( => current thread )

Other Threads:

=>0x0000000001fb0800 (exited) JavaThread "Unknown thread" [_thread_in_vm, id=12776, stack(0x0000000001e30000,0x0000000001f30000)]

VM state:not at safepoint (normal execution)

VM Mutex/Monitor currently owned by a thread: None

Heap:
 PSYoungGen      total 38400K, used 665K [0x00000000eab00000, 0x00000000ed580000, 0x0000000100000000)
  eden space 33280K, 2% used [0x00000000eab00000,0x00000000eaba6670,0x00000000ecb80000)
  from space 5120K, 0% used [0x00000000ed080000,0x00000000ed080000,0x00000000ed580000)
  to   space 5120K, 0% used [0x00000000ecb80000,0x00000000ecb80000,0x00000000ed080000)
 ParOldGen       total 87552K, used 0K [0x00000000c0000000, 0x00000000c5580000, 0x00000000eab00000)
  object space 87552K, 0% used [0x00000000c0000000,0x00000000c0000000,0x00000000c5580000)
 Metaspace       used 766K, capacity 4480K, committed 4480K, reserved 1056768K
  class space    used 75K, capacity 384K, committed 384K, reserved 1048576K

Card table byte_map: [0x0000000011470000,0x0000000011680000] byte_map_base: 0x0000000010e70000

Marking Bits: (ParMarkBitMap*) 0x0000000052e24040
 Begin Bits: [0x0000000011be0000, 0x0000000012be0000)
 End Bits:   [0x0000000012be0000, 0x0000000013be0000)

Polling page: 0x0000000000410000

CodeCache: size=245760Kb used=328Kb max_used=328Kb free=245431Kb
 bounds [0x00000000020b0000, 0x0000000002320000, 0x00000000110b0000]
 total_blobs=57 nmethods=0 adapters=37
 compilation: enabled

Compilation events (0 events):
No events

GC Heap History (0 events):
No events

Deoptimization events (0 events):
No events

Internal exceptions (0 events):
No events

Events (10 events):
Event: 0.058 loading class java/lang/Short
Event: 0.058 loading class java/lang/Short done
Event: 0.058 loading class java/lang/Integer
Event: 0.058 loading class java/lang/Integer done
Event: 0.058 loading class java/lang/Long
Event: 0.059 loading class java/lang/Long done
Event: 0.060 loading class java/lang/NullPointerException
Event: 0.060 loading class java/lang/NullPointerException done
Event: 0.060 loading class java/lang/ArithmeticException
Event: 0.060 loading class java/lang/ArithmeticException done


Dynamic libraries:
0x00007ff746750000 - 0x00007ff746787000 	C:\Program Files\Java\jdk1.8.0_51\bin\java.exe
0x00007ffcbabb0000 - 0x00007ffcbad5d000 	C:\WINDOWS\SYSTEM32\ntdll.dll
0x00007ffcb8f50000 - 0x00007ffcb908e000 	C:\WINDOWS\system32\KERNEL32.DLL
0x00007ffcb7dd0000 - 0x00007ffcb7ee5000 	C:\WINDOWS\system32\KERNELBASE.dll
0x00007ffcb68a0000 - 0x00007ffcb692e000 	C:\WINDOWS\system32\apphelp.dll
0x00007ffca6db0000 - 0x00007ffca6e03000 	C:\WINDOWS\AppPatch\AppPatch64\AcGenral.DLL
0x00007ffcb8d50000 - 0x00007ffcb8dfa000 	C:\WINDOWS\system32\msvcrt.dll
0x00007ffcb7b30000 - 0x00007ffcb7b5e000 	C:\WINDOWS\SYSTEM32\SspiCli.dll
0x00007ffcb8230000 - 0x00007ffcb8284000 	C:\WINDOWS\system32\SHLWAPI.dll
0x00007ffcb86c0000 - 0x00007ffcb8837000 	C:\WINDOWS\system32\USER32.dll
0x00007ffcb84f0000 - 0x00007ffcb8684000 	C:\WINDOWS\system32\ole32.dll
0x00007ffcb9570000 - 0x00007ffcbaa9a000 	C:\WINDOWS\system32\SHELL32.dll
0x00007ffcb72a0000 - 0x00007ffcb72c1000 	C:\WINDOWS\SYSTEM32\USERENV.dll
0x00007ffcbaaa0000 - 0x00007ffcbab4a000 	C:\WINDOWS\system32\ADVAPI32.dll
0x00007ffcab2b0000 - 0x00007ffcab2ce000 	C:\WINDOWS\SYSTEM32\MPR.dll
0x00007ffcb8c00000 - 0x00007ffcb8d41000 	C:\WINDOWS\system32\RPCRT4.dll
0x00007ffcbab50000 - 0x00007ffcbaba9000 	C:\WINDOWS\SYSTEM32\sechost.dll
0x00007ffcb8290000 - 0x00007ffcb84a1000 	C:\WINDOWS\SYSTEM32\combase.dll
0x00007ffcb8e00000 - 0x00007ffcb8f50000 	C:\WINDOWS\system32\GDI32.dll
0x00007ffcb7d00000 - 0x00007ffcb7d15000 	C:\WINDOWS\SYSTEM32\profapi.dll
0x00007ffcb6090000 - 0x00007ffcb6142000 	C:\WINDOWS\SYSTEM32\SHCORE.dll
0x00007ffcb84b0000 - 0x00007ffcb84e6000 	C:\WINDOWS\system32\IMM32.DLL
0x00007ffcb9090000 - 0x00007ffcb91e2000 	C:\WINDOWS\system32\MSCTF.dll
0x00007ffcb58b0000 - 0x00007ffcb5b2b000 	C:\WINDOWS\WinSxS\amd64_microsoft.windows.common-controls_6595b64144ccf1df_6.0.9600.18006_none_623f33d3ecbe86e8\COMCTL32.dll
0x0000000052490000 - 0x0000000052562000 	C:\Program Files\Java\jdk1.8.0_51\jre\bin\msvcr100.dll
0x0000000052620000 - 0x0000000052ea3000 	C:\Program Files\Java\jdk1.8.0_51\jre\bin\server\jvm.dll
0x00007ffcaee50000 - 0x00007ffcaee59000 	C:\WINDOWS\SYSTEM32\WSOCK32.dll
0x00007ffcb4850000 - 0x00007ffcb4872000 	C:\WINDOWS\SYSTEM32\WINMM.dll
0x00007ffcb0420000 - 0x00007ffcb042a000 	C:\WINDOWS\SYSTEM32\VERSION.dll
0x00007ffcb86a0000 - 0x00007ffcb86a7000 	C:\WINDOWS\system32\PSAPI.DLL
0x00007ffcb89f0000 - 0x00007ffcb8a4a000 	C:\WINDOWS\system32\WS2_32.dll
0x00007ffcb4820000 - 0x00007ffcb484a000 	C:\WINDOWS\SYSTEM32\WINMMBASE.dll
0x00007ffcb8690000 - 0x00007ffcb8699000 	C:\WINDOWS\system32\NSI.dll
0x00007ffcb7ef0000 - 0x00007ffcb7f3f000 	C:\WINDOWS\SYSTEM32\cfgmgr32.dll
0x00007ffcb6af0000 - 0x00007ffcb6b18000 	C:\WINDOWS\SYSTEM32\DEVOBJ.dll
0x0000000055070000 - 0x000000005507f000 	C:\Program Files\Java\jdk1.8.0_51\jre\bin\verify.dll
0x0000000053480000 - 0x00000000534a9000 	C:\Program Files\Java\jdk1.8.0_51\jre\bin\java.dll
0x0000000053460000 - 0x0000000053476000 	C:\Program Files\Java\jdk1.8.0_51\jre\bin\zip.dll
0x00007ffcade20000 - 0x00007ffcadfa9000 	C:\WINDOWS\SYSTEM32\dbghelp.dll

VM Arguments:
jvm_args: -Djava.awt.headless=true -Xmx1024M -Dfile.encoding=windows-1252 -Duser.country=US -Duser.language=en -Duser.variant 
java_command: com.android.dx.command.Main --dex --num-threads=4 --output D:\WorkSpace_Studio\GSIM\app\build\intermediates\pre-dexed\debug\firebase-client-android-2.5.0_ba3f9ee9854a2fcb10ac4db5c4798e4d4e886a97.jar C:\Users\user\.gradle\caches\modules-2\files-2.1\com.firebase\firebase-client-android\2.5.0\7d0473896b3b10b23a2f9812fec4316dff8afdd\firebase-client-android-2.5.0.jar
java_class_path (initial): C:\Users\user\AppData\Local\Android\sdk\build-tools\23.0.2\lib\dx.jar
Launcher Type: SUN_STANDARD

Environment Variables:
PATH=C:\ProgramData\Oracle\Java\javapath;c:\Program Files (x86)\Intel\iCLS Client\;c:\Program Files\Intel\iCLS Client\;C:\WINDOWS\system32;C:\WINDOWS;C:\WINDOWS\System32\Wbem;C:\WINDOWS\System32\WindowsPowerShell\v1.0\;C:\Program Files\Intel\Intel(R) Management Engine Components\DAL;C:\Program Files\Intel\Intel(R) Management Engine Components\IPT;C:\Program Files (x86)\Intel\Intel(R) Management Engine Components\DAL;C:\Program Files (x86)\Intel\Intel(R) Management Engine Components\IPT;C:\Program Files\Intel\WiFi\bin\;C:\Program Files\Common Files\Intel\WirelessCommon\;c:\Program Files (x86)\ATI Technologies\ATI.ACE\Core-Static;C:\Program Files (x86)\Java\jdk1.8.0\bin;C:\Program Files (x86)\MySQL\MySQL Server 5.0\bin;C:\Windows.old\Program Files\Java\jdk1.8.0_25\bin;C:\Program Files (x86)\Windows Kits\8.1\Windows Performance Toolkit\;C:\Program Files\Microsoft SQL Server\110\Tools\Binn\;C:\Program Files\Java\jdk1.8.0_51\bin
USERNAME=user
OS=Windows_NT
PROCESSOR_IDENTIFIER=Intel64 Family 6 Model 69 Stepping 1, GenuineIntel



---------------  S Y S T E M  ---------------

OS: Windows 8.1 , 64 bit Build 9600 (6.3.9600.17415)

CPU:total 4 (2 cores per cpu, 2 threads per core) family 6 model 69 stepping 1, cmov, cx8, fxsr, mmx, sse, sse2, sse3, ssse3, sse4.1, sse4.2, popcnt, avx, avx2, aes, clmul, erms, lzcnt, ht, tsc, tscinvbit, bmi1, bmi2

Memory: 4k page, physical 8266712k(1110436k free), swap 10817816k(64512k free)

vm_info: Java HotSpot(TM) 64-Bit Server VM (25.51-b03) for windows-amd64 JRE (1.8.0_51-b16), built on Jun  8 2015 18:03:07 by "java_re" with MS VC++ 10.0 (VS2010)

time: Tue Apr 12 17:07:11 2016
elapsed time: 0 seconds (0d 0h 0m 0s)

