#
# There is insufficient memory for the Java Runtime Environment to continue.
# Native memory allocation (malloc) failed to allocate 1130096 bytes for Chunk::new
# Possible reasons:
#   The system is out of physical RAM or swap space
#   In 32 bit mode, the process size limit was hit
# Possible solutions:
#   Reduce memory load on the system
#   Increase physical memory or swap space
#   Check if swap backing store is full
#   Use 64 bit Java on a 64 bit OS
#   Decrease Java heap size (-Xmx/-Xms)
#   Decrease number of Java threads
#   Decrease Java thread stack sizes (-Xss)
#   Set larger code cache with -XX:ReservedCodeCacheSize=
# This output file may be truncated or incomplete.
#
#  Out of Memory Error (allocation.cpp:390), pid=4812, tid=6796
#
# JRE version: Java(TM) SE Runtime Environment (8.0_51-b16) (build 1.8.0_51-b16)
# Java VM: Java HotSpot(TM) 64-Bit Server VM (25.51-b03 mixed mode windows-amd64 compressed oops)
# Failed to write core dump. Minidumps are not enabled by default on client versions of Windows
#

---------------  T H R E A D  ---------------

Current thread (0x0000000014d46000):  JavaThread "C2 CompilerThread1" daemon [_thread_in_native, id=6796, stack(0x0000000016380000,0x0000000016480000)]

Stack: [0x0000000016380000,0x0000000016480000]
Native frames: (J=compiled Java code, j=interpreted, Vv=VM code, C=native code)
V  [jvm.dll+0x32b4ca]


Current CompileTask:
C2:  25328 1921   !   4       com.android.dx.cf.cst.ConstantPoolParser::parse0 (731 bytes)


---------------  P R O C E S S  ---------------

Java Threads: ( => current thread )
  0x0000000016585800 JavaThread "Service Thread" daemon [_thread_blocked, id=12924, stack(0x0000000016980000,0x0000000016a80000)]
  0x0000000014d4c800 JavaThread "C1 CompilerThread2" daemon [_thread_blocked, id=2592, stack(0x0000000016480000,0x0000000016580000)]
=>0x0000000014d46000 JavaThread "C2 CompilerThread1" daemon [_thread_in_native, id=6796, stack(0x0000000016380000,0x0000000016480000)]
  0x0000000014cea800 JavaThread "C2 CompilerThread0" daemon [_thread_in_native, id=9032, stack(0x0000000016280000,0x0000000016380000)]
  0x0000000014ce8800 JavaThread "Attach Listener" daemon [_thread_blocked, id=13204, stack(0x0000000016180000,0x0000000016280000)]
  0x0000000014ce8000 JavaThread "Signal Dispatcher" daemon [_thread_blocked, id=7340, stack(0x0000000016080000,0x0000000016180000)]
  0x00000000025e6000 JavaThread "Finalizer" daemon [_thread_blocked, id=13020, stack(0x0000000015f70000,0x0000000016070000)]
  0x00000000025dd000 JavaThread "Reference Handler" daemon [_thread_blocked, id=8160, stack(0x0000000015e70000,0x0000000015f70000)]
  0x00000000024f0800 JavaThread "main" [_thread_in_vm, id=12524, stack(0x00000000023d0000,0x00000000024d0000)]

Other Threads:
  0x0000000014cb7800 VMThread [stack: 0x0000000015d70000,0x0000000015e70000] [id=10372]
  0x0000000016586800 WatcherThread [stack: 0x0000000016a80000,0x0000000016b80000] [id=464]

VM state:not at safepoint (normal execution)

VM Mutex/Monitor currently owned by a thread: None

Heap:
 PSYoungGen      total 71680K, used 22975K [0x00000000eab00000, 0x00000000ef600000, 0x0000000100000000)
  eden space 66560K, 26% used [0x00000000eab00000,0x00000000ebc753a0,0x00000000eec00000)
  from space 5120K, 99% used [0x00000000ef100000,0x00000000ef5fab48,0x00000000ef600000)
  to   space 5120K, 0% used [0x00000000eec00000,0x00000000eec00000,0x00000000ef100000)
 ParOldGen       total 87552K, used 36041K [0x00000000c0000000, 0x00000000c5580000, 0x00000000eab00000)
  object space 87552K, 41% used [0x00000000c0000000,0x00000000c2332700,0x00000000c5580000)
 Metaspace       used 6436K, capacity 7280K, committed 7552K, reserved 1056768K
  class space    used 598K, capacity 616K, committed 640K, reserved 1048576K

Card table byte_map: [0x00000000119c0000,0x0000000011bd0000] byte_map_base: 0x00000000113c0000

Marking Bits: (ParMarkBitMap*) 0x0000000052e24040
 Begin Bits: [0x0000000012130000, 0x0000000013130000)
 End Bits:   [0x0000000013130000, 0x0000000014130000)

Polling page: 0x00000000024d0000

CodeCache: size=245760Kb used=8616Kb max_used=8616Kb free=237144Kb
 bounds [0x0000000002600000, 0x0000000002e70000, 0x0000000011600000]
 total_blobs=2245 nmethods=1974 adapters=182
 compilation: disabled (not enough contiguous free space left)

Compilation events (10 events):
Event: 18.153 Thread 0x0000000014d4c800 1934       2       com.android.dx.rop.code.SwitchInsn::withNewRegisters (22 bytes)
Event: 18.153 Thread 0x0000000014d4c800 nmethod 1934 0x0000000002dadad0 code [0x0000000002dadc40, 0x0000000002dade28]
Event: 18.157 Thread 0x0000000014d4c800 1935       2       com.android.dx.ssa.NormalSsaInsn::changeOneSource (120 bytes)
Event: 18.159 Thread 0x0000000014d4c800 nmethod 1935 0x0000000002dff210 code [0x0000000002dff420, 0x0000000002dffb98]
Event: 18.159 Thread 0x0000000014d4c800 1936       2       com.android.dx.ssa.SsaMethod$1::visitMoveInsn (17 bytes)
Event: 18.159 Thread 0x0000000014d4c800 nmethod 1936 0x0000000002e00610 code [0x0000000002e00780, 0x0000000002e00990]
Event: 18.177 Thread 0x0000000014d4c800 1937       2       com.android.dx.rop.code.SwitchInsn::accept (8 bytes)
Event: 18.177 Thread 0x0000000014d4c800 nmethod 1937 0x0000000002e00b50 code [0x0000000002e00cc0, 0x0000000002e00e48]
Event: 18.290 Thread 0x0000000014d46000 nmethod 1906 0x0000000002e06c90 code [0x0000000002e07060, 0x0000000002e0a118]
Event: 18.291 Thread 0x0000000014d46000 1921   !   4       com.android.dx.cf.cst.ConstantPoolParser::parse0 (731 bytes)

GC Heap History (8 events):
Event: 4.522 GC heap before
{Heap before GC invocations=1 (full 0):
 PSYoungGen      total 38400K, used 33280K [0x00000000eab00000, 0x00000000ed580000, 0x0000000100000000)
  eden space 33280K, 100% used [0x00000000eab00000,0x00000000ecb80000,0x00000000ecb80000)
  from space 5120K, 0% used [0x00000000ed080000,0x00000000ed080000,0x00000000ed580000)
  to   space 5120K, 0% used [0x00000000ecb80000,0x00000000ecb80000,0x00000000ed080000)
 ParOldGen       total 87552K, used 0K [0x00000000c0000000, 0x00000000c5580000, 0x00000000eab00000)
  object space 87552K, 0% used [0x00000000c0000000,0x00000000c0000000,0x00000000c5580000)
 Metaspace       used 5966K, capacity 6896K, committed 7040K, reserved 1056768K
  class space    used 591K, capacity 616K, committed 640K, reserved 1048576K
Event: 4.539 GC heap after
Heap after GC invocations=1 (full 0):
 PSYoungGen      total 38400K, used 5117K [0x00000000eab00000, 0x00000000ed580000, 0x0000000100000000)
  eden space 33280K, 0% used [0x00000000eab00000,0x00000000eab00000,0x00000000ecb80000)
  from space 5120K, 99% used [0x00000000ecb80000,0x00000000ed07f6a0,0x00000000ed080000)
  to   space 5120K, 0% used [0x00000000ed080000,0x00000000ed080000,0x00000000ed580000)
 ParOldGen       total 87552K, used 394K [0x00000000c0000000, 0x00000000c5580000, 0x00000000eab00000)
  object space 87552K, 0% used [0x00000000c0000000,0x00000000c0062af0,0x00000000c5580000)
 Metaspace       used 5966K, capacity 6896K, committed 7040K, reserved 1056768K
  class space    used 591K, capacity 616K, committed 640K, reserved 1048576K
}
Event: 6.480 GC heap before
{Heap before GC invocations=2 (full 0):
 PSYoungGen      total 38400K, used 38397K [0x00000000eab00000, 0x00000000ed580000, 0x0000000100000000)
  eden space 33280K, 100% used [0x00000000eab00000,0x00000000ecb80000,0x00000000ecb80000)
  from space 5120K, 99% used [0x00000000ecb80000,0x00000000ed07f6a0,0x00000000ed080000)
  to   space 5120K, 0% used [0x00000000ed080000,0x00000000ed080000,0x00000000ed580000)
 ParOldGen       total 87552K, used 394K [0x00000000c0000000, 0x00000000c5580000, 0x00000000eab00000)
  object space 87552K, 0% used [0x00000000c0000000,0x00000000c0062af0,0x00000000c5580000)
 Metaspace       used 6184K, capacity 7088K, committed 7296K, reserved 1056768K
  class space    used 591K, capacity 616K, committed 640K, reserved 1048576K
Event: 6.569 GC heap after
Heap after GC invocations=2 (full 0):
 PSYoungGen      total 38400K, used 5111K [0x00000000eab00000, 0x00000000ef600000, 0x0000000100000000)
  eden space 33280K, 0% used [0x00000000eab00000,0x00000000eab00000,0x00000000ecb80000)
  from space 5120K, 99% used [0x00000000ed080000,0x00000000ed57dc88,0x00000000ed580000)
  to   space 5120K, 0% used [0x00000000ecb80000,0x00000000ecb80000,0x00000000ed080000)
 ParOldGen       total 87552K, used 4285K [0x00000000c0000000, 0x00000000c5580000, 0x00000000eab00000)
  object space 87552K, 4% used [0x00000000c0000000,0x00000000c042f738,0x00000000c5580000)
 Metaspace       used 6184K, capacity 7088K, committed 7296K, reserved 1056768K
  class space    used 591K, capacity 616K, committed 640K, reserved 1048576K
}
Event: 8.294 GC heap before
{Heap before GC invocations=3 (full 0):
 PSYoungGen      total 38400K, used 38391K [0x00000000eab00000, 0x00000000ef600000, 0x0000000100000000)
  eden space 33280K, 100% used [0x00000000eab00000,0x00000000ecb80000,0x00000000ecb80000)
  from space 5120K, 99% used [0x00000000ed080000,0x00000000ed57dc88,0x00000000ed580000)
  to   space 5120K, 0% used [0x00000000ecb80000,0x00000000ecb80000,0x00000000ed080000)
 ParOldGen       total 87552K, used 4285K [0x00000000c0000000, 0x00000000c5580000, 0x00000000eab00000)
  object space 87552K, 4% used [0x00000000c0000000,0x00000000c042f738,0x00000000c5580000)
 Metaspace       used 6236K, capacity 7152K, committed 7296K, reserved 1056768K
  class space    used 592K, capacity 616K, committed 640K, reserved 1048576K
Event: 10.867 GC heap after
Heap after GC invocations=3 (full 0):
 PSYoungGen      total 38400K, used 5104K [0x00000000eab00000, 0x00000000ef600000, 0x0000000100000000)
  eden space 33280K, 0% used [0x00000000eab00000,0x00000000eab00000,0x00000000ecb80000)
  from space 5120K, 99% used [0x00000000ecb80000,0x00000000ed07c020,0x00000000ed080000)
  to   space 5120K, 0% used [0x00000000ef100000,0x00000000ef100000,0x00000000ef600000)
 ParOldGen       total 87552K, used 9722K [0x00000000c0000000, 0x00000000c5580000, 0x00000000eab00000)
  object space 87552K, 11% used [0x00000000c0000000,0x00000000c097ebb8,0x00000000c5580000)
 Metaspace       used 6236K, capacity 7152K, committed 7296K, reserved 1056768K
  class space    used 592K, capacity 616K, committed 640K, reserved 1048576K
}
Event: 13.252 GC heap before
{Heap before GC invocations=4 (full 0):
 PSYoungGen      total 38400K, used 38384K [0x00000000eab00000, 0x00000000ef600000, 0x0000000100000000)
  eden space 33280K, 100% used [0x00000000eab00000,0x00000000ecb80000,0x00000000ecb80000)
  from space 5120K, 99% used [0x00000000ecb80000,0x00000000ed07c020,0x00000000ed080000)
  to   space 5120K, 0% used [0x00000000ef100000,0x00000000ef100000,0x00000000ef600000)
 ParOldGen       total 87552K, used 9722K [0x00000000c0000000, 0x00000000c5580000, 0x00000000eab00000)
  object space 87552K, 11% used [0x00000000c0000000,0x00000000c097ebb8,0x00000000c5580000)
 Metaspace       used 6260K, capacity 7152K, committed 7296K, reserved 1056768K
  class space    used 592K, capacity 616K, committed 640K, reserved 1048576K
Event: 14.169 GC heap after
Heap after GC invocations=4 (full 0):
 PSYoungGen      total 71680K, used 5114K [0x00000000eab00000, 0x00000000ef600000, 0x0000000100000000)
  eden space 66560K, 0% used [0x00000000eab00000,0x00000000eab00000,0x00000000eec00000)
  from space 5120K, 99% used [0x00000000ef100000,0x00000000ef5feb58,0x00000000ef600000)
  to   space 5120K, 0% used [0x00000000eec00000,0x00000000eec00000,0x00000000ef100000)
 ParOldGen       total 87552K, used 15314K [0x00000000c0000000, 0x00000000c5580000, 0x00000000eab00000)
  object space 87552K, 17% used [0x00000000c0000000,0x00000000c0ef4868,0x00000000c5580000)
 Metaspace       used 6260K, capacity 7152K, committed 7296K, reserved 1056768K
  class space    used 592K, capacity 616K, committed 640K, reserved 1048576K
}

Deoptimization events (10 events):
Event: 12.416 Thread 0x00000000167d4800 Uncommon trap: reason=unstable_if action=reinterpret pc=0x0000000002aad0e4 method=java.util.HashMap.putVal(ILjava/lang/Object;Ljava/lang/Object;ZZ)Ljava/lang/Object; @ 162
Event: 12.417 Thread 0x00000000167d4800 Uncommon trap: reason=unstable_if action=reinterpret pc=0x000000000286b124 method=java.util.HashMap.getNode(ILjava/lang/Object;)Ljava/util/HashMap$Node; @ 84
Event: 12.417 Thread 0x00000000167d4800 Uncommon trap: reason=unstable_if action=reinterpret pc=0x00000000028dbc68 method=java.util.HashMap.getNode(ILjava/lang/Object;)Ljava/util/HashMap$Node; @ 84
Event: 14.437 Thread 0x000000001684f000 Uncommon trap: reason=unstable_if action=reinterpret pc=0x0000000002d504e0 method=com.android.dx.cf.code.ByteCatchList.listFor(I)Lcom/android/dx/cf/code/ByteCatchList; @ 47
Event: 18.013 Thread 0x00000000024f0800 Uncommon trap: reason=unstable_if action=reinterpret pc=0x0000000002d9f200 method=com.android.dx.cf.code.Merger.mergeType(Lcom/android/dx/rop/type/TypeBearer;Lcom/android/dx/rop/type/TypeBearer;)Lcom/android/dx/rop/type/TypeBearer; @ 77
Event: 18.053 Thread 0x00000000024f0800 Uncommon trap: reason=bimorphic action=maybe_recompile pc=0x0000000002d86014 method=java.util.HashMap.getNode(ILjava/lang/Object;)Ljava/util/HashMap$Node; @ 126
Event: 18.053 Thread 0x00000000024f0800 Uncommon trap: reason=bimorphic action=maybe_recompile pc=0x0000000002d86014 method=java.util.HashMap.getNode(ILjava/lang/Object;)Ljava/util/HashMap$Node; @ 126
Event: 18.054 Thread 0x00000000024f0800 Uncommon trap: reason=unstable_if action=reinterpret pc=0x0000000002bf2eb8 method=com.android.dx.util.BitIntSet.has(I)Z @ 8
Event: 18.054 Thread 0x00000000024f0800 Uncommon trap: reason=unstable_if action=reinterpret pc=0x0000000002d6ee98 method=com.android.dx.util.BitIntSet.has(I)Z @ 8
Event: 18.108 Thread 0x00000000167d4800 Uncommon trap: reason=class_check action=maybe_recompile pc=0x0000000002d1ff24 method=com.android.dx.cf.code.RopperMachine.run(Lcom/android/dx/cf/code/Frame;II)V @ 1024

Internal exceptions (3 events):
Event: 0.172 Thread 0x00000000024f0800 Exception <a 'java/lang/NoSuchMethodError': Method sun.misc.Unsafe.defineClass(Ljava/lang/String;[BII)Ljava/lang/Class; name or signature does not match> (0x00000000eab0d6b8) thrown at [C:\re\workspace\8-2-build-windows-amd64-cygwin\jdk8u51\3951\hotspot\srÍdVo 	∆?
Event: 0.172 Thread 0x00000000024f0800 Exception <a 'java/lang/NoSuchMethodError': Method sun.misc.Unsafe.prefetchRead(Ljava/lang/Object;J)V name or signature does not match> (0x00000000eab0d948) thrown at [C:\re\workspace\8-2-build-windows-amd64-cygwin\jdk8u51\3951\hotspot\src\share\vm\prims\jçÏb†=ÿ@
Event: 6.461 Thread 0x000000001684f000 Implicit null exception at 0x0000000002943d62 to 0x0000000002943e55

Events (10 events):
Event: 18.053 Thread 0x00000000024f0800 DEOPT UNPACKING pc=0x000000000264582a sp=0x00000000024cdc38 mode 2
Event: 18.054 Thread 0x00000000024f0800 Uncommon trap: trap_request=0xffffff65 fr.pc=0x0000000002bf2eb8
Event: 18.054 Thread 0x00000000024f0800 DEOPT PACKING pc=0x0000000002bf2eb8 sp=0x00000000024cdf30
Event: 18.054 Thread 0x00000000024f0800 DEOPT UNPACKING pc=0x000000000264582a sp=0x00000000024cde68 mode 2
Event: 18.054 Thread 0x00000000024f0800 Uncommon trap: trap_request=0xffffff65 fr.pc=0x0000000002d6ee98
Event: 18.054 Thread 0x00000000024f0800 DEOPT PACKING pc=0x0000000002d6ee98 sp=0x00000000024cde90
Event: 18.054 Thread 0x00000000024f0800 DEOPT UNPACKING pc=0x000000000264582a sp=0x00000000024cdd18 mode 2
Event: 18.108 Thread 0x00000000167d4800 Uncommon trap: trap_request=0xffffffde fr.pc=0x0000000002d1ff24
Event: 18.108 Thread 0x00000000167d4800 DEOPT PACKING pc=0x0000000002d1ff24 sp=0x000000001747dfd0
Event: 18.108 Thread 0x00000000167d4800 DEOPT UNPACKING pc=0x000000000264582a sp=0x000000001747dfa8 mode 2


Dynamic libraries:
0x00007ff746750000 - 0x00007ff746787000 	C:\Program Files\Java\jdk1.8.0_51\bin\java.exe
0x00007ffcbabb0000 - 0x00007ffcbad5d000 	C:\WINDOWS\SYSTEM32\ntdll.dll
0x00007ffcb8f50000 - 0x00007ffcb908e000 	C:\WINDOWS\system32\KERNEL32.DLL
0x00007ffcb7dd0000 - 0x00007ffcb7ee5000 	C:\WINDOWS\system32\KERNELBASE.dll
0x00007ffcb68a0000 - 0x00007ffcb692e000 	C:\WINDOWS\system32\apphelp.dll
0x00007ffca6df0000 - 0x00007ffca6e43000 	C:\WINDOWS\AppPatch\AppPatch64\AcGenral.DLL
0x00007ffcb8d50000 - 0x00007ffcb8dfa000 	C:\WINDOWS\system32\msvcrt.dll
0x00007ffcb7b30000 - 0x00007ffcb7b5e000 	C:\WINDOWS\SYSTEM32\SspiCli.dll
0x00007ffcb8230000 - 0x00007ffcb8284000 	C:\WINDOWS\system32\SHLWAPI.dll
0x00007ffcb86c0000 - 0x00007ffcb8837000 	C:\WINDOWS\system32\USER32.dll
0x00007ffcb84f0000 - 0x00007ffcb8684000 	C:\WINDOWS\system32\ole32.dll
0x00007ffcb9570000 - 0x00007ffcbaa9a000 	C:\WINDOWS\system32\SHELL32.dll
0x00007ffcb72a0000 - 0x00007ffcb72c1000 	C:\WINDOWS\SYSTEM32\USERENV.dll
0x00007ffcbaaa0000 - 0x00007ffcbab4a000 	C:\WINDOWS\system32\ADVAPI32.dll
0x00007ffcab2b0000 - 0x00007ffcab2ce000 	C:\WINDOWS\SYSTEM32\MPR.dll
0x00007ffcb8c00000 - 0x00007ffcb8d41000 	C:\WINDOWS\system32\RPCRT4.dll
0x00007ffcbab50000 - 0x00007ffcbaba9000 	C:\WINDOWS\SYSTEM32\sechost.dll
0x00007ffcb8290000 - 0x00007ffcb84a1000 	C:\WINDOWS\SYSTEM32\combase.dll
0x00007ffcb8e00000 - 0x00007ffcb8f50000 	C:\WINDOWS\system32\GDI32.dll
0x00007ffcb7d00000 - 0x00007ffcb7d15000 	C:\WINDOWS\SYSTEM32\profapi.dll
0x00007ffcb6090000 - 0x00007ffcb6142000 	C:\WINDOWS\SYSTEM32\SHCORE.dll
0x00007ffcb84b0000 - 0x00007ffcb84e6000 	C:\WINDOWS\system32\IMM32.DLL
0x00007ffcb9090000 - 0x00007ffcb91e2000 	C:\WINDOWS\system32\MSCTF.dll
0x00007ffcb58b0000 - 0x00007ffcb5b2b000 	C:\WINDOWS\WinSxS\amd64_microsoft.windows.common-controls_6595b64144ccf1df_6.0.9600.18006_none_623f33d3ecbe86e8\COMCTL32.dll
0x0000000052490000 - 0x0000000052562000 	C:\Program Files\Java\jdk1.8.0_51\jre\bin\msvcr100.dll
0x0000000052620000 - 0x0000000052ea3000 	C:\Program Files\Java\jdk1.8.0_51\jre\bin\server\jvm.dll
0x00007ffcaee50000 - 0x00007ffcaee59000 	C:\WINDOWS\SYSTEM32\WSOCK32.dll
0x00007ffcb4850000 - 0x00007ffcb4872000 	C:\WINDOWS\SYSTEM32\WINMM.dll
0x00007ffcb0420000 - 0x00007ffcb042a000 	C:\WINDOWS\SYSTEM32\VERSION.dll
0x00007ffcb86a0000 - 0x00007ffcb86a7000 	C:\WINDOWS\system32\PSAPI.DLL
0x00007ffcb89f0000 - 0x00007ffcb8a4a000 	C:\WINDOWS\system32\WS2_32.dll
0x00007ffcb4820000 - 0x00007ffcb484a000 	C:\WINDOWS\SYSTEM32\WINMMBASE.dll
0x00007ffcb8690000 - 0x00007ffcb8699000 	C:\WINDOWS\system32\NSI.dll
0x00007ffcb7ef0000 - 0x00007ffcb7f3f000 	C:\WINDOWS\SYSTEM32\cfgmgr32.dll
0x00007ffcb6af0000 - 0x00007ffcb6b18000 	C:\WINDOWS\SYSTEM32\DEVOBJ.dll
0x0000000055070000 - 0x000000005507f000 	C:\Program Files\Java\jdk1.8.0_51\jre\bin\verify.dll
0x0000000053480000 - 0x00000000534a9000 	C:\Program Files\Java\jdk1.8.0_51\jre\bin\java.dll
0x0000000053460000 - 0x0000000053476000 	C:\Program Files\Java\jdk1.8.0_51\jre\bin\zip.dll

VM Arguments:
jvm_args: -Djava.awt.headless=true -Xmx1024M -Dfile.encoding=windows-1252 -Duser.country=US -Duser.language=en -Duser.variant 
java_command: com.android.dx.command.Main --dex --num-threads=4 --output D:\WorkSpace_Studio\GSIM\app\build\intermediates\pre-dexed\release\com.google.android.gms-play-services-basement-8.4.0_86e52e48e86615be0d65a07ab91da5317ab244d5.jar D:\WorkSpace_Studio\GSIM\app\build\intermediates\exploded-aar\com.google.android.gms\play-services-basement\8.4.0\jars\classes.jar
java_class_path (initial): C:\Users\user\AppData\Local\Android\sdk\build-tools\23.0.2\lib\dx.jar
Launcher Type: SUN_STANDARD

Environment Variables:
PATH=C:\ProgramData\Oracle\Java\javapath;c:\Program Files (x86)\Intel\iCLS Client\;c:\Program Files\Intel\iCLS Client\;C:\WINDOWS\system32;C:\WINDOWS;C:\WINDOWS\System32\Wbem;C:\WINDOWS\System32\WindowsPowerShell\v1.0\;C:\Program Files\Intel\Intel(R) Management Engine Components\DAL;C:\Program Files\Intel\Intel(R) Management Engine Components\IPT;C:\Program Files (x86)\Intel\Intel(R) Management Engine Components\DAL;C:\Program Files (x86)\Intel\Intel(R) Management Engine Components\IPT;C:\Program Files\Intel\WiFi\bin\;C:\Program Files\Common Files\Intel\WirelessCommon\;c:\Program Files (x86)\ATI Technologies\ATI.ACE\Core-Static;C:\Program Files (x86)\Java\jdk1.8.0\bin;C:\Program Files (x86)\MySQL\MySQL Server 5.0\bin;C:\Windows.old\Program Files\Java\jdk1.8.0_25\bin;C:\Program Files (x86)\Windows Kits\8.1\Windows Performance Toolkit\;C:\Program Files\Microsoft SQL Server\110\Tools\Binn\;C:\Program Files\Java\jdk1.8.0_51\bin
USERNAME=user
OS=Windows_NT
PROCESSOR_IDENTIFIER=Intel64 Family 6 Model 69 Stepping 1, GenuineIntel



---------------  S Y S T E M  ---------------

OS: Windows 8.1 , 64 bit Build 9600 (6.3.9600.17415)

CPU:total 4 (2 cores per cpu, 2 threads per core) family 6 model 69 stepping 1, cmov, cx8, fxsr, mmx, sse, sse2, sse3, ssse3, sse4.1, sse4.2, popcnt, avx, avx2, aes, clmul, erms, lzcnt, ht, tsc, tscinvbit, bmi1, bmi2

Memory: 4k page, physical 8266712k(766176k free), swap 11412440k(3508k free)

vm_info: Java HotSpot(TM) 64-Bit Server VM (25.51-b03) for windows-amd64 JRE (1.8.0_51-b16), built on Jun  8 2015 18:03:07 by "java_re" with MS VC++ 10.0 (VS2010)

time: Wed Apr 13 03:46:26 2016
elapsed time: 25 seconds (0d 0h 0m 25s)

