#
# There is insufficient memory for the Java Runtime Environment to continue.
# Native memory allocation (malloc) failed to allocate 1973696 bytes for Chunk::new
# Possible reasons:
#   The system is out of physical RAM or swap space
#   In 32 bit mode, the process size limit was hit
# Possible solutions:
#   Reduce memory load on the system
#   Increase physical memory or swap space
#   Check if swap backing store is full
#   Use 64 bit Java on a 64 bit OS
#   Decrease Java heap size (-Xmx/-Xms)
#   Decrease number of Java threads
#   Decrease Java thread stack sizes (-Xss)
#   Set larger code cache with -XX:ReservedCodeCacheSize=
# This output file may be truncated or incomplete.
#
#  Out of Memory Error (allocation.cpp:390), pid=10932, tid=1252
#
# JRE version: Java(TM) SE Runtime Environment (8.0_51-b16) (build 1.8.0_51-b16)
# Java VM: Java HotSpot(TM) 64-Bit Server VM (25.51-b03 mixed mode windows-amd64 compressed oops)
# Failed to write core dump. Minidumps are not enabled by default on client versions of Windows
#

---------------  T H R E A D  ---------------

Current thread (0x0000000014c16000):  JavaThread "C2 CompilerThread1" daemon [_thread_in_native, id=1252, stack(0x0000000016220000,0x0000000016320000)]

Stack: [0x0000000016220000,0x0000000016320000]
Native frames: (J=compiled Java code, j=interpreted, Vv=VM code, C=native code)
V  [jvm.dll+0x32b4ca]


Current CompileTask:
C2:  25254 1904   !   4       com.android.dx.cf.cst.ConstantPoolParser::parse0 (731 bytes)


---------------  P R O C E S S  ---------------

Java Threads: ( => current thread )
  0x0000000016425800 JavaThread "Service Thread" daemon [_thread_blocked, id=12600, stack(0x0000000016820000,0x0000000016920000)]
  0x0000000014c1c800 JavaThread "C1 CompilerThread2" daemon [_thread_blocked, id=1884, stack(0x0000000016320000,0x0000000016420000)]
=>0x0000000014c16000 JavaThread "C2 CompilerThread1" daemon [_thread_in_native, id=1252, stack(0x0000000016220000,0x0000000016320000)]
  0x0000000014bba800 JavaThread "C2 CompilerThread0" daemon [_thread_in_native, id=9220, stack(0x0000000016120000,0x0000000016220000)]
  0x0000000014bb8800 JavaThread "Attach Listener" daemon [_thread_blocked, id=6772, stack(0x0000000016020000,0x0000000016120000)]
  0x0000000014bb7800 JavaThread "Signal Dispatcher" daemon [_thread_blocked, id=11720, stack(0x0000000015f20000,0x0000000016020000)]
  0x00000000024e6800 JavaThread "Finalizer" daemon [_thread_blocked, id=10556, stack(0x0000000015e20000,0x0000000015f20000)]
  0x00000000024de800 JavaThread "Reference Handler" daemon [_thread_blocked, id=8456, stack(0x0000000015d20000,0x0000000015e20000)]
  0x00000000023f0800 JavaThread "main" [_thread_blocked, id=3872, stack(0x00000000022f0000,0x00000000023f0000)]

Other Threads:
  0x0000000014b86800 VMThread [stack: 0x0000000015c20000,0x0000000015d20000] [id=5644]
  0x0000000016426800 WatcherThread [stack: 0x0000000016920000,0x0000000016a20000] [id=8888]

VM state:at safepoint (normal execution)

VM Mutex/Monitor currently owned by a thread:  ([mutex/lock_event])
[0x00000000022ec1b0] Threads_lock - owner thread: 0x0000000014b86800
[0x00000000022ec2b0] Heap_lock - owner thread: 0x00000000023f0800

Heap:
 PSYoungGen      total 71680K, used 61736K [0x00000000eab00000, 0x00000000ef600000, 0x0000000100000000)
  eden space 66560K, 85% used [0x00000000eab00000,0x00000000ee24b848,0x00000000eec00000)
  from space 5120K, 99% used [0x00000000ef100000,0x00000000ef5fe7b8,0x00000000ef600000)
  to   space 5120K, 99% used [0x00000000eec00000,0x00000000ef0facd0,0x00000000ef100000)
 ParOldGen       total 87552K, used 34101K [0x00000000c0000000, 0x00000000c5580000, 0x00000000eab00000)
  object space 87552K, 38% used [0x00000000c0000000,0x00000000c214d660,0x00000000c5580000)
 Metaspace       used 6530K, capacity 7256K, committed 7424K, reserved 1060864K
  class space    used 620K, capacity 656K, committed 768K, reserved 1048576K

Card table byte_map: [0x00000000118b0000,0x0000000011ac0000] byte_map_base: 0x00000000112b0000

Marking Bits: (ParMarkBitMap*) 0x0000000052e24040
 Begin Bits: [0x0000000012020000, 0x0000000013020000)
 End Bits:   [0x0000000013020000, 0x0000000014020000)

Polling page: 0x00000000008a0000

CodeCache: size=245760Kb used=9505Kb max_used=9505Kb free=236255Kb
 bounds [0x00000000024f0000, 0x0000000002e40000, 0x00000000114f0000]
 total_blobs=2363 nmethods=2092 adapters=182
 compilation: disabled (not enough contiguous free space left)

Compilation events (10 events):
Event: 18.316 Thread 0x0000000014bba800 nmethod 1905 0x0000000002c3f1d0 code [0x0000000002c3f300, 0x0000000002c3f398]
Event: 18.343 Thread 0x0000000014bba800 1906       4       com.android.dx.ssa.back.FirstFitLocalCombiningAllocator$Alignment$3::nextClearBit (6 bytes)
Event: 18.345 Thread 0x0000000014bba800 nmethod 1906 0x0000000002d4a210 code [0x0000000002d4a360, 0x0000000002d4a498]
Event: 18.348 Thread 0x0000000014bba800 1907       4       com.android.dx.cf.code.Merger::mergeType (142 bytes)
Event: 18.355 Thread 0x0000000014bba800 nmethod 1907 0x0000000002d5d310 code [0x0000000002d5d4a0, 0x0000000002d5d858]
Event: 18.361 Thread 0x0000000014bba800 1908       4       java.util.ArrayList::<init> (61 bytes)
Event: 18.364 Thread 0x0000000014bba800 nmethod 1908 0x0000000002d5cfd0 code [0x0000000002d5d120, 0x0000000002d5d258]
Event: 18.364 Thread 0x0000000014c1c800 1909       3       com.android.dx.rop.code.Rops::opIfNe (17 bytes)
Event: 18.364 Thread 0x0000000014c1c800 nmethod 1909 0x0000000002d46650 code [0x0000000002d467c0, 0x0000000002d46948]
Event: 18.366 Thread 0x0000000014bba800 1910       4       com.android.dx.dex.code.RopTranslator$LocalVariableAwareTranslationVisitor::visitThrowingCstInsn (11 bytes)

GC Heap History (4 events):
Event: 6.366 GC heap before
{Heap before GC invocations=1 (full 0):
 PSYoungGen      total 38400K, used 33280K [0x00000000eab00000, 0x00000000ed580000, 0x0000000100000000)
  eden space 33280K, 100% used [0x00000000eab00000,0x00000000ecb80000,0x00000000ecb80000)
  from space 5120K, 0% used [0x00000000ed080000,0x00000000ed080000,0x00000000ed580000)
  to   space 5120K, 0% used [0x00000000ecb80000,0x00000000ecb80000,0x00000000ed080000)
 ParOldGen       total 87552K, used 0K [0x00000000c0000000, 0x00000000c5580000, 0x00000000eab00000)
  object space 87552K, 0% used [0x00000000c0000000,0x00000000c0000000,0x00000000c5580000)
 Metaspace       used 5988K, capacity 6960K, committed 7040K, reserved 1056768K
  class space    used 587K, capacity 616K, committed 640K, reserved 1048576K
Event: 6.943 GC heap after
Heap after GC invocations=1 (full 0):
 PSYoungGen      total 38400K, used 5107K [0x00000000eab00000, 0x00000000ef600000, 0x0000000100000000)
  eden space 33280K, 0% used [0x00000000eab00000,0x00000000eab00000,0x00000000ecb80000)
  from space 5120K, 99% used [0x00000000ecb80000,0x00000000ed07ce98,0x00000000ed080000)
  to   space 5120K, 0% used [0x00000000ef100000,0x00000000ef100000,0x00000000ef600000)
 ParOldGen       total 87552K, used 722K [0x00000000c0000000, 0x00000000c5580000, 0x00000000eab00000)
  object space 87552K, 0% used [0x00000000c0000000,0x00000000c00b48b0,0x00000000c5580000)
 Metaspace       used 5988K, capacity 6960K, committed 7040K, reserved 1056768K
  class space    used 587K, capacity 616K, committed 640K, reserved 1048576K
}
Event: 12.413 GC heap before
{Heap before GC invocations=2 (full 0):
 PSYoungGen      total 38400K, used 38387K [0x00000000eab00000, 0x00000000ef600000, 0x0000000100000000)
  eden space 33280K, 100% used [0x00000000eab00000,0x00000000ecb80000,0x00000000ecb80000)
  from space 5120K, 99% used [0x00000000ecb80000,0x00000000ed07ce98,0x00000000ed080000)
  to   space 5120K, 0% used [0x00000000ef100000,0x00000000ef100000,0x00000000ef600000)
 ParOldGen       total 87552K, used 722K [0x00000000c0000000, 0x00000000c5580000, 0x00000000eab00000)
  object space 87552K, 0% used [0x00000000c0000000,0x00000000c00b48b0,0x00000000c5580000)
 Metaspace       used 6217K, capacity 7088K, committed 7296K, reserved 1056768K
  class space    used 593K, capacity 616K, committed 640K, reserved 1048576K
Event: 13.179 GC heap after
Heap after GC invocations=2 (full 0):
 PSYoungGen      total 71680K, used 5116K [0x00000000eab00000, 0x00000000ef600000, 0x0000000100000000)
  eden space 66560K, 0% used [0x00000000eab00000,0x00000000eab00000,0x00000000eec00000)
  from space 5120K, 99% used [0x00000000ef100000,0x00000000ef5ff240,0x00000000ef600000)
  to   space 5120K, 0% used [0x00000000eec00000,0x00000000eec00000,0x00000000ef100000)
 ParOldGen       total 87552K, used 5127K [0x00000000c0000000, 0x00000000c5580000, 0x00000000eab00000)
  object space 87552K, 5% used [0x00000000c0000000,0x00000000c0501cc8,0x00000000c5580000)
 Metaspace       used 6217K, capacity 7088K, committed 7296K, reserved 1056768K
  class space    used 593K, capacity 616K, committed 640K, reserved 1048576K
}

Deoptimization events (10 events):
Event: 13.578 Thread 0x00000000166d7800 Uncommon trap: reason=unstable_if action=reinterpret pc=0x0000000002b45a38 method=com.android.dx.cf.code.BaseMachine.getLocalTarget(Z)Lcom/android/dx/rop/code/RegisterSpec; @ 131
Event: 13.622 Thread 0x00000000166d7800 Uncommon trap: reason=unstable_if action=reinterpret pc=0x0000000002c58e14 method=com.android.dx.rop.code.RegisterSpecList.withFirst(Lcom/android/dx/rop/code/RegisterSpec;)Lcom/android/dx/rop/code/RegisterSpecList; @ 55
Event: 13.646 Thread 0x00000000166de000 Uncommon trap: reason=unstable_if action=reinterpret pc=0x0000000002abaecc method=com.android.dx.rop.code.LocalItem.compareHandlesNulls(Lcom/android/dx/rop/cst/CstString;Lcom/android/dx/rop/cst/CstString;)I @ 14
Event: 13.738 Thread 0x0000000016709800 Uncommon trap: reason=class_check action=maybe_recompile pc=0x0000000002aff900 method=com.android.dx.ssa.SCCP.simulatePhi(Lcom/android/dx/ssa/PhiInsn;)V @ 124
Event: 13.738 Thread 0x0000000016709800 Uncommon trap: reason=class_check action=maybe_recompile pc=0x0000000002aff900 method=com.android.dx.ssa.SCCP.simulatePhi(Lcom/android/dx/ssa/PhiInsn;)V @ 124
Event: 13.738 Thread 0x0000000016709800 Uncommon trap: reason=class_check action=maybe_recompile pc=0x0000000002aff900 method=com.android.dx.ssa.SCCP.simulatePhi(Lcom/android/dx/ssa/PhiInsn;)V @ 124
Event: 13.738 Thread 0x0000000016709800 Uncommon trap: reason=class_check action=maybe_recompile pc=0x0000000002aff900 method=com.android.dx.ssa.SCCP.simulatePhi(Lcom/android/dx/ssa/PhiInsn;)V @ 124
Event: 13.739 Thread 0x0000000016709800 Uncommon trap: reason=unstable_if action=reinterpret pc=0x0000000002a3d15c method=com.android.dx.rop.cst.Constant.compareTo(Lcom/android/dx/rop/cst/Constant;)I @ 12
Event: 13.741 Thread 0x0000000016709800 Uncommon trap: reason=unstable_if action=reinterpret pc=0x0000000002c610f8 method=com.android.dx.rop.code.RegisterSpecList.withFirst(Lcom/android/dx/rop/code/RegisterSpec;)Lcom/android/dx/rop/code/RegisterSpecList; @ 55
Event: 14.780 Thread 0x0000000016709800 Uncommon trap: reason=unstable_if action=reinterpret pc=0x0000000002af7ef8 method=com.android.dx.util.BitIntSet.has(I)Z @ 8

Internal exceptions (6 events):
Event: 0.195 Thread 0x00000000023f0800 Exception <a 'java/lang/NoSuchMethodError': Method sun.misc.Unsafe.defineClass(Ljava/lang/String;[BII)Ljava/lang/Class; name or signature does not match> (0x00000000eab0d6b8) thrown at [C:\re\workspace\8-2-build-windows-amd64-cygwin\jdk8u51\3951\hotspot\sro‚”•…?
Event: 0.195 Thread 0x00000000023f0800 Exception <a 'java/lang/NoSuchMethodError': Method sun.misc.Unsafe.prefetchRead(Ljava/lang/Object;J)V name or signature does not match> (0x00000000eab0d948) thrown at [C:\re\workspace\8-2-build-windows-amd64-cygwin\jdk8u51\3951\hotspot\src\share\vm\prims\j:ìΩRrR@
Event: 4.331 Thread 0x00000000023f0800 Implicit null exception at 0x0000000002887c62 to 0x0000000002887d55
Event: 9.902 Thread 0x00000000166d7800 Implicit null exception at 0x0000000002b18a8d to 0x0000000002b1b775
Event: 10.213 Thread 0x00000000166d7800 Implicit null exception at 0x0000000002b091c7 to 0x0000000002b0bf41
Event: 13.646 Thread 0x00000000166de000 Implicit null exception at 0x0000000002ab99ff to 0x0000000002abae99

Events (10 events):
Event: 13.741 Thread 0x0000000016709800 Uncommon trap: trap_request=0xffffff65 fr.pc=0x0000000002c610f8
Event: 13.741 Thread 0x0000000016709800 DEOPT PACKING pc=0x0000000002c610f8 sp=0x0000000016b1eb20
Event: 13.741 Thread 0x0000000016709800 DEOPT UNPACKING pc=0x000000000253582a sp=0x0000000016b1e950 mode 2
Event: 14.780 Thread 0x0000000016709800 Uncommon trap: trap_request=0xffffff65 fr.pc=0x0000000002af7ef8
Event: 14.780 Thread 0x0000000016709800 DEOPT PACKING pc=0x0000000002af7ef8 sp=0x0000000016b1e900
Event: 14.780 Thread 0x0000000016709800 DEOPT UNPACKING pc=0x000000000253582a sp=0x0000000016b1e838 mode 2
Event: 14.872 Thread 0x00000000166de000 DEOPT PACKING pc=0x0000000002912b7f sp=0x0000000016e1e550
Event: 14.872 Thread 0x00000000166de000 DEOPT UNPACKING pc=0x000000000253787f sp=0x0000000016e1e380 mode 0
Event: 18.121 Thread 0x00000000023f0800 DEOPT PACKING pc=0x0000000002939786 sp=0x00000000023edc40
Event: 18.122 Thread 0x00000000023f0800 DEOPT UNPACKING pc=0x000000000253787f sp=0x00000000023eda80 mode 0


Dynamic libraries:
0x00007ff746750000 - 0x00007ff746787000 	C:\Program Files\Java\jdk1.8.0_51\bin\java.exe
0x00007ffcbabb0000 - 0x00007ffcbad5d000 	C:\WINDOWS\SYSTEM32\ntdll.dll
0x00007ffcb8f50000 - 0x00007ffcb908e000 	C:\WINDOWS\system32\KERNEL32.DLL
0x00007ffcb7dd0000 - 0x00007ffcb7ee5000 	C:\WINDOWS\system32\KERNELBASE.dll
0x00007ffcb68a0000 - 0x00007ffcb692e000 	C:\WINDOWS\system32\apphelp.dll
0x00007ffca6df0000 - 0x00007ffca6e43000 	C:\WINDOWS\AppPatch\AppPatch64\AcGenral.DLL
0x00007ffcb8d50000 - 0x00007ffcb8dfa000 	C:\WINDOWS\system32\msvcrt.dll
0x00007ffcb7b30000 - 0x00007ffcb7b5e000 	C:\WINDOWS\SYSTEM32\SspiCli.dll
0x00007ffcb8230000 - 0x00007ffcb8284000 	C:\WINDOWS\system32\SHLWAPI.dll
0x00007ffcb86c0000 - 0x00007ffcb8837000 	C:\WINDOWS\system32\USER32.dll
0x00007ffcb84f0000 - 0x00007ffcb8684000 	C:\WINDOWS\system32\ole32.dll
0x00007ffcb9570000 - 0x00007ffcbaa9a000 	C:\WINDOWS\system32\SHELL32.dll
0x00007ffcb72a0000 - 0x00007ffcb72c1000 	C:\WINDOWS\SYSTEM32\USERENV.dll
0x00007ffcbaaa0000 - 0x00007ffcbab4a000 	C:\WINDOWS\system32\ADVAPI32.dll
0x00007ffcab2b0000 - 0x00007ffcab2ce000 	C:\WINDOWS\SYSTEM32\MPR.dll
0x00007ffcb8c00000 - 0x00007ffcb8d41000 	C:\WINDOWS\system32\RPCRT4.dll
0x00007ffcbab50000 - 0x00007ffcbaba9000 	C:\WINDOWS\SYSTEM32\sechost.dll
0x00007ffcb8290000 - 0x00007ffcb84a1000 	C:\WINDOWS\SYSTEM32\combase.dll
0x00007ffcb8e00000 - 0x00007ffcb8f50000 	C:\WINDOWS\system32\GDI32.dll
0x00007ffcb7d00000 - 0x00007ffcb7d15000 	C:\WINDOWS\SYSTEM32\profapi.dll
0x00007ffcb6090000 - 0x00007ffcb6142000 	C:\WINDOWS\SYSTEM32\SHCORE.dll
0x00007ffcb84b0000 - 0x00007ffcb84e6000 	C:\WINDOWS\system32\IMM32.DLL
0x00007ffcb9090000 - 0x00007ffcb91e2000 	C:\WINDOWS\system32\MSCTF.dll
0x00007ffcb58b0000 - 0x00007ffcb5b2b000 	C:\WINDOWS\WinSxS\amd64_microsoft.windows.common-controls_6595b64144ccf1df_6.0.9600.18006_none_623f33d3ecbe86e8\COMCTL32.dll
0x0000000052490000 - 0x0000000052562000 	C:\Program Files\Java\jdk1.8.0_51\jre\bin\msvcr100.dll
0x0000000052620000 - 0x0000000052ea3000 	C:\Program Files\Java\jdk1.8.0_51\jre\bin\server\jvm.dll
0x00007ffcaee50000 - 0x00007ffcaee59000 	C:\WINDOWS\SYSTEM32\WSOCK32.dll
0x00007ffcb4850000 - 0x00007ffcb4872000 	C:\WINDOWS\SYSTEM32\WINMM.dll
0x00007ffcb0420000 - 0x00007ffcb042a000 	C:\WINDOWS\SYSTEM32\VERSION.dll
0x00007ffcb86a0000 - 0x00007ffcb86a7000 	C:\WINDOWS\system32\PSAPI.DLL
0x00007ffcb89f0000 - 0x00007ffcb8a4a000 	C:\WINDOWS\system32\WS2_32.dll
0x00007ffcb4820000 - 0x00007ffcb484a000 	C:\WINDOWS\SYSTEM32\WINMMBASE.dll
0x00007ffcb8690000 - 0x00007ffcb8699000 	C:\WINDOWS\system32\NSI.dll
0x00007ffcb7ef0000 - 0x00007ffcb7f3f000 	C:\WINDOWS\SYSTEM32\cfgmgr32.dll
0x00007ffcb6af0000 - 0x00007ffcb6b18000 	C:\WINDOWS\SYSTEM32\DEVOBJ.dll
0x0000000055070000 - 0x000000005507f000 	C:\Program Files\Java\jdk1.8.0_51\jre\bin\verify.dll
0x0000000053480000 - 0x00000000534a9000 	C:\Program Files\Java\jdk1.8.0_51\jre\bin\java.dll
0x0000000053460000 - 0x0000000053476000 	C:\Program Files\Java\jdk1.8.0_51\jre\bin\zip.dll

VM Arguments:
jvm_args: -Djava.awt.headless=true -Xmx1024M -Dfile.encoding=windows-1252 -Duser.country=US -Duser.language=en -Duser.variant 
java_command: com.android.dx.command.Main --dex --num-threads=4 --output D:\WorkSpace_Studio\GSIM\app\build\intermediates\pre-dexed\release\firebase-client-jvm-2.5.0_0583407c73b40ad0f0aaea4a3040dbd704965a80.jar C:\Users\user\.gradle\caches\modules-2\files-2.1\com.firebase\firebase-client-jvm\2.5.0\c0af904657634f7ab9cc21e75d80250570033321\firebase-client-jvm-2.5.0.jar
java_class_path (initial): C:\Users\user\AppData\Local\Android\sdk\build-tools\23.0.2\lib\dx.jar
Launcher Type: SUN_STANDARD

Environment Variables:
PATH=C:\ProgramData\Oracle\Java\javapath;c:\Program Files (x86)\Intel\iCLS Client\;c:\Program Files\Intel\iCLS Client\;C:\WINDOWS\system32;C:\WINDOWS;C:\WINDOWS\System32\Wbem;C:\WINDOWS\System32\WindowsPowerShell\v1.0\;C:\Program Files\Intel\Intel(R) Management Engine Components\DAL;C:\Program Files\Intel\Intel(R) Management Engine Components\IPT;C:\Program Files (x86)\Intel\Intel(R) Management Engine Components\DAL;C:\Program Files (x86)\Intel\Intel(R) Management Engine Components\IPT;C:\Program Files\Intel\WiFi\bin\;C:\Program Files\Common Files\Intel\WirelessCommon\;c:\Program Files (x86)\ATI Technologies\ATI.ACE\Core-Static;C:\Program Files (x86)\Java\jdk1.8.0\bin;C:\Program Files (x86)\MySQL\MySQL Server 5.0\bin;C:\Windows.old\Program Files\Java\jdk1.8.0_25\bin;C:\Program Files (x86)\Windows Kits\8.1\Windows Performance Toolkit\;C:\Program Files\Microsoft SQL Server\110\Tools\Binn\;C:\Program Files\Java\jdk1.8.0_51\bin
USERNAME=user
OS=Windows_NT
PROCESSOR_IDENTIFIER=Intel64 Family 6 Model 69 Stepping 1, GenuineIntel



---------------  S Y S T E M  ---------------

OS: Windows 8.1 , 64 bit Build 9600 (6.3.9600.17415)

CPU:total 4 (2 cores per cpu, 2 threads per core) family 6 model 69 stepping 1, cmov, cx8, fxsr, mmx, sse, sse2, sse3, ssse3, sse4.1, sse4.2, popcnt, avx, avx2, aes, clmul, erms, lzcnt, ht, tsc, tscinvbit, bmi1, bmi2

Memory: 4k page, physical 8266712k(765200k free), swap 11412440k(3392k free)

vm_info: Java HotSpot(TM) 64-Bit Server VM (25.51-b03) for windows-amd64 JRE (1.8.0_51-b16), built on Jun  8 2015 18:03:07 by "java_re" with MS VC++ 10.0 (VS2010)

time: Wed Apr 13 03:46:26 2016
elapsed time: 25 seconds (0d 0h 0m 25s)

