#
# There is insufficient memory for the Java Runtime Environment to continue.
# Native memory allocation (malloc) failed to allocate 257616 bytes for Chunk::new
# Possible reasons:
#   The system is out of physical RAM or swap space
#   In 32 bit mode, the process size limit was hit
# Possible solutions:
#   Reduce memory load on the system
#   Increase physical memory or swap space
#   Check if swap backing store is full
#   Use 64 bit Java on a 64 bit OS
#   Decrease Java heap size (-Xmx/-Xms)
#   Decrease number of Java threads
#   Decrease Java thread stack sizes (-Xss)
#   Set larger code cache with -XX:ReservedCodeCacheSize=
# This output file may be truncated or incomplete.
#
#  Out of Memory Error (allocation.cpp:390), pid=11560, tid=5044
#
# JRE version: Java(TM) SE Runtime Environment (8.0_51-b16) (build 1.8.0_51-b16)
# Java VM: Java HotSpot(TM) 64-Bit Server VM (25.51-b03 mixed mode windows-amd64 compressed oops)
# Failed to write core dump. Minidumps are not enabled by default on client versions of Windows
#

---------------  T H R E A D  ---------------

Current thread (0x0000000015068000):  JavaThread "C2 CompilerThread0" daemon [_thread_in_native, id=5044, stack(0x00000000165d0000,0x00000000166d0000)]

Stack: [0x00000000165d0000,0x00000000166d0000]
Native frames: (J=compiled Java code, j=interpreted, Vv=VM code, C=native code)
V  [jvm.dll+0x32b4ca]


Current CompileTask:
C2:  25148 1622       4       com.android.dx.ssa.DeadCodeRemover::isCircularNoSideEffect (140 bytes)


---------------  P R O C E S S  ---------------

Java Threads: ( => current thread )
  0x00000000168d7000 JavaThread "Service Thread" daemon [_thread_blocked, id=13188, stack(0x0000000016cd0000,0x0000000016dd0000)]
  0x00000000150cd000 JavaThread "C1 CompilerThread2" daemon [_thread_blocked, id=12676, stack(0x00000000167d0000,0x00000000168d0000)]
  0x000000001507a800 JavaThread "C2 CompilerThread1" daemon [_thread_in_native, id=10116, stack(0x00000000166d0000,0x00000000167d0000)]
=>0x0000000015068000 JavaThread "C2 CompilerThread0" daemon [_thread_in_native, id=5044, stack(0x00000000165d0000,0x00000000166d0000)]
  0x0000000015066000 JavaThread "Attach Listener" daemon [_thread_blocked, id=8640, stack(0x00000000164d0000,0x00000000165d0000)]
  0x000000001507c000 JavaThread "Signal Dispatcher" daemon [_thread_blocked, id=2748, stack(0x00000000163d0000,0x00000000164d0000)]
  0x0000000002996000 JavaThread "Finalizer" daemon [_thread_blocked, id=5196, stack(0x00000000162d0000,0x00000000163d0000)]
  0x000000000298d000 JavaThread "Reference Handler" daemon [_thread_blocked, id=4856, stack(0x00000000161d0000,0x00000000162d0000)]
  0x00000000028a0800 JavaThread "main" [_thread_blocked, id=12572, stack(0x00000000027a0000,0x00000000028a0000)]

Other Threads:
  0x0000000015037800 VMThread [stack: 0x00000000160d0000,0x00000000161d0000] [id=904]
  0x00000000168d7800 WatcherThread [stack: 0x0000000016dd0000,0x0000000016ed0000] [id=12300]

VM state:at safepoint (normal execution)

VM Mutex/Monitor currently owned by a thread:  ([mutex/lock_event])
[0x000000000102c910] Threads_lock - owner thread: 0x0000000015037800
[0x000000000102ce10] Heap_lock - owner thread: 0x00000000028a0800

Heap:
 PSYoungGen      total 38400K, used 38378K [0x00000000eab00000, 0x00000000ed580000, 0x0000000100000000)
  eden space 33280K, 100% used [0x00000000eab00000,0x00000000ecb80000,0x00000000ecb80000)
  from space 5120K, 99% used [0x00000000ecb80000,0x00000000ed07a808,0x00000000ed080000)
  to   space 5120K, 99% used [0x00000000ed080000,0x00000000ed579c40,0x00000000ed580000)
 ParOldGen       total 87552K, used 45494K [0x00000000c0000000, 0x00000000c5580000, 0x00000000eab00000)
  object space 87552K, 51% used [0x00000000c0000000,0x00000000c2c6da50,0x00000000c5580000)
 Metaspace       used 6475K, capacity 7256K, committed 7424K, reserved 1056768K
  class space    used 620K, capacity 656K, committed 768K, reserved 1048576K

Card table byte_map: [0x0000000011d60000,0x0000000011f70000] byte_map_base: 0x0000000011760000

Marking Bits: (ParMarkBitMap*) 0x0000000052e24040
 Begin Bits: [0x00000000124d0000, 0x00000000134d0000)
 End Bits:   [0x00000000134d0000, 0x00000000144d0000)

Polling page: 0x0000000000f80000

CodeCache: size=245760Kb used=7949Kb max_used=7949Kb free=237811Kb
 bounds [0x00000000029a0000, 0x0000000003170000, 0x00000000119a0000]
 total_blobs=2146 nmethods=1874 adapters=182
 compilation: enabled

Compilation events (10 events):
Event: 19.601 Thread 0x00000000150cd000 1632       3       com.android.dx.rop.code.LocalVariableInfo::mergeStarts (75 bytes)
Event: 19.602 Thread 0x00000000150cd000 nmethod 1632 0x000000000309e5d0 code [0x000000000309e7c0, 0x000000000309f178]
Event: 19.604 Thread 0x00000000150cd000 1633       3       com.android.dx.ssa.back.FirstFitLocalCombiningAllocator::access$100 (5 bytes)
Event: 19.604 Thread 0x00000000150cd000 nmethod 1633 0x0000000003098c90 code [0x0000000003098e00, 0x0000000003098ff0]
Event: 19.605 Thread 0x00000000150cd000 1634       1       com.android.dx.ssa.MoveParamCombiner$1::visitPhiInsn (1 bytes)
Event: 19.606 Thread 0x00000000150cd000 nmethod 1634 0x0000000003097190 code [0x00000000030972e0, 0x00000000030973f0]
Event: 19.610 Thread 0x00000000150cd000 1637       3       com.android.dx.rop.cst.CstLong::getType (4 bytes)
Event: 19.610 Thread 0x00000000150cd000 nmethod 1637 0x0000000003096e50 code [0x0000000003096fa0, 0x00000000030970f0]
Event: 19.616 Thread 0x00000000150cd000 1639       3       com.android.dx.rop.cst.CstLiteral64::equals (36 bytes)
Event: 19.616 Thread 0x00000000150cd000 nmethod 1639 0x000000000309df10 code [0x000000000309e080, 0x000000000309e4f0]

GC Heap History (4 events):
Event: 13.880 GC heap before
{Heap before GC invocations=1 (full 0):
 PSYoungGen      total 38400K, used 33280K [0x00000000eab00000, 0x00000000ed580000, 0x0000000100000000)
  eden space 33280K, 100% used [0x00000000eab00000,0x00000000ecb80000,0x00000000ecb80000)
  from space 5120K, 0% used [0x00000000ed080000,0x00000000ed080000,0x00000000ed580000)
  to   space 5120K, 0% used [0x00000000ecb80000,0x00000000ecb80000,0x00000000ed080000)
 ParOldGen       total 87552K, used 0K [0x00000000c0000000, 0x00000000c5580000, 0x00000000eab00000)
  object space 87552K, 0% used [0x00000000c0000000,0x00000000c0000000,0x00000000c5580000)
 Metaspace       used 6014K, capacity 6960K, committed 7040K, reserved 1056768K
  class space    used 592K, capacity 616K, committed 640K, reserved 1048576K
Event: 14.936 GC heap after
Heap after GC invocations=1 (full 0):
 PSYoungGen      total 38400K, used 5088K [0x00000000eab00000, 0x00000000ed580000, 0x0000000100000000)
  eden space 33280K, 0% used [0x00000000eab00000,0x00000000eab00000,0x00000000ecb80000)
  from space 5120K, 99% used [0x00000000ecb80000,0x00000000ed078088,0x00000000ed080000)
  to   space 5120K, 0% used [0x00000000ed080000,0x00000000ed080000,0x00000000ed580000)
 ParOldGen       total 87552K, used 767K [0x00000000c0000000, 0x00000000c5580000, 0x00000000eab00000)
  object space 87552K, 0% used [0x00000000c0000000,0x00000000c00bfe18,0x00000000c5580000)
 Metaspace       used 6014K, capacity 6960K, committed 7040K, reserved 1056768K
  class space    used 592K, capacity 616K, committed 640K, reserved 1048576K
}
Event: 19.214 GC heap before
{Heap before GC invocations=2 (full 0):
 PSYoungGen      total 38400K, used 38368K [0x00000000eab00000, 0x00000000ed580000, 0x0000000100000000)
  eden space 33280K, 100% used [0x00000000eab00000,0x00000000ecb80000,0x00000000ecb80000)
  from space 5120K, 99% used [0x00000000ecb80000,0x00000000ed078088,0x00000000ed080000)
  to   space 5120K, 0% used [0x00000000ed080000,0x00000000ed080000,0x00000000ed580000)
 ParOldGen       total 87552K, used 767K [0x00000000c0000000, 0x00000000c5580000, 0x00000000eab00000)
  object space 87552K, 0% used [0x00000000c0000000,0x00000000c00bfe18,0x00000000c5580000)
 Metaspace       used 6169K, capacity 7088K, committed 7296K, reserved 1056768K
  class space    used 593K, capacity 616K, committed 640K, reserved 1048576K
Event: 19.593 GC heap after
Heap after GC invocations=2 (full 0):
 PSYoungGen      total 38400K, used 5095K [0x00000000eab00000, 0x00000000ed580000, 0x0000000100000000)
  eden space 33280K, 0% used [0x00000000eab00000,0x00000000eab00000,0x00000000ecb80000)
  from space 5120K, 99% used [0x00000000ed080000,0x00000000ed579fc0,0x00000000ed580000)
  to   space 5120K, 0% used [0x00000000ecb80000,0x00000000ecb80000,0x00000000ed080000)
 ParOldGen       total 87552K, used 4956K [0x00000000c0000000, 0x00000000c5580000, 0x00000000eab00000)
  object space 87552K, 5% used [0x00000000c0000000,0x00000000c04d7290,0x00000000c5580000)
 Metaspace       used 6169K, capacity 7088K, committed 7296K, reserved 1056768K
  class space    used 593K, capacity 616K, committed 640K, reserved 1048576K
}

Deoptimization events (10 events):
Event: 18.781 Thread 0x00000000028a0800 Uncommon trap: reason=unstable_if action=reinterpret pc=0x000000000306d778 method=com.android.dx.rop.cst.StdConstantPool.set(ILcom/android/dx/rop/cst/Constant;)V @ 12
Event: 19.087 Thread 0x0000000016b95800 Uncommon trap: reason=unstable_if action=reinterpret pc=0x0000000003037f50 method=com.android.dx.rop.code.LocalVariableInfo.mergeStarts(ILcom/android/dx/rop/code/RegisterSpecSet;)Z @ 31
Event: 19.090 Thread 0x0000000016b95800 Uncommon trap: reason=bimorphic action=maybe_recompile pc=0x000000000302cee8 method=com.android.dx.ssa.SCCP.setLatticeValueTo(IILcom/android/dx/rop/cst/Constant;)Z @ 43
Event: 19.090 Thread 0x0000000016b95800 Uncommon trap: reason=bimorphic action=maybe_recompile pc=0x000000000302cee8 method=com.android.dx.ssa.SCCP.setLatticeValueTo(IILcom/android/dx/rop/cst/Constant;)Z @ 43
Event: 19.090 Thread 0x0000000016b95800 Uncommon trap: reason=bimorphic action=maybe_recompile pc=0x000000000302cee8 method=com.android.dx.ssa.SCCP.setLatticeValueTo(IILcom/android/dx/rop/cst/Constant;)Z @ 43
Event: 19.090 Thread 0x0000000016b95800 Uncommon trap: reason=bimorphic action=maybe_recompile pc=0x0000000002c1326c method=java.util.HashMap.getNode(ILjava/lang/Object;)Ljava/util/HashMap$Node; @ 126
Event: 19.090 Thread 0x0000000016b95800 Uncommon trap: reason=bimorphic action=maybe_recompile pc=0x0000000002c1326c method=java.util.HashMap.getNode(ILjava/lang/Object;)Ljava/util/HashMap$Node; @ 126
Event: 19.593 Thread 0x0000000016b95800 Uncommon trap: reason=bimorphic action=maybe_recompile pc=0x000000000302cee8 method=com.android.dx.ssa.SCCP.setLatticeValueTo(IILcom/android/dx/rop/cst/Constant;)Z @ 43
Event: 19.608 Thread 0x0000000016b94000 Uncommon trap: reason=class_check action=maybe_recompile pc=0x0000000002fcd9c0 method=com.android.dx.rop.code.RegisterSpec.withSimpleType()Lcom/android/dx/rop/code/RegisterSpec; @ 21
Event: 19.611 Thread 0x0000000016b94000 Uncommon trap: reason=class_check action=maybe_recompile pc=0x0000000002fcd9c0 method=com.android.dx.rop.code.RegisterSpec.withSimpleType()Lcom/android/dx/rop/code/RegisterSpec; @ 21

Internal exceptions (3 events):
Event: 0.743 Thread 0x00000000028a0800 Exception <a 'java/lang/NoSuchMethodError': Method sun.misc.Unsafe.defineClass(Ljava/lang/String;[BII)Ljava/lang/Class; name or signature does not match> (0x00000000eab0d688) thrown at [C:\re\workspace\8-2-build-windows-amd64-cygwin\jdk8u51\3951\hotspot\sr¼bùÿ“Éç?
Event: 0.743 Thread 0x00000000028a0800 Exception <a 'java/lang/NoSuchMethodError': Method sun.misc.Unsafe.prefetchRead(Ljava/lang/Object;J)V name or signature does not match> (0x00000000eab0d918) thrown at [C:\re\workspace\8-2-build-windows-amd64-cygwin\jdk8u51\3951\hotspot\src\share\vm\prims\j‡ŠêW})@
Event: 12.513 Thread 0x0000000016b8e800 Implicit null exception at 0x0000000002d82c65 to 0x0000000002d85be5

Events (10 events):
Event: 19.593 Executing VM operation: ParallelGCFailedAllocation done
Event: 19.593 Thread 0x0000000016b95800 Uncommon trap: trap_request=0xffffffc6 fr.pc=0x000000000302cee8
Event: 19.593 Thread 0x0000000016b95800 DEOPT PACKING pc=0x000000000302cee8 sp=0x00000000173ce660
Event: 19.593 Thread 0x0000000016b95800 DEOPT UNPACKING pc=0x00000000029e582a sp=0x00000000173ce5b8 mode 2
Event: 19.608 Thread 0x0000000016b94000 Uncommon trap: trap_request=0xffffffde fr.pc=0x0000000002fcd9c0
Event: 19.608 Thread 0x0000000016b94000 DEOPT PACKING pc=0x0000000002fcd9c0 sp=0x00000000171cef80
Event: 19.608 Thread 0x0000000016b94000 DEOPT UNPACKING pc=0x00000000029e582a sp=0x00000000171ceee8 mode 2
Event: 19.611 Thread 0x0000000016b94000 Uncommon trap: trap_request=0xffffffde fr.pc=0x0000000002fcd9c0
Event: 19.611 Thread 0x0000000016b94000 DEOPT PACKING pc=0x0000000002fcd9c0 sp=0x00000000171ceed0
Event: 19.611 Thread 0x0000000016b94000 DEOPT UNPACKING pc=0x00000000029e582a sp=0x00000000171cee38 mode 2


Dynamic libraries:
0x00007ff746750000 - 0x00007ff746787000 	C:\Program Files\Java\jdk1.8.0_51\bin\java.exe
0x00007ffcbabb0000 - 0x00007ffcbad5d000 	C:\WINDOWS\SYSTEM32\ntdll.dll
0x00007ffcb8f50000 - 0x00007ffcb908e000 	C:\WINDOWS\system32\KERNEL32.DLL
0x00007ffcb7dd0000 - 0x00007ffcb7ee5000 	C:\WINDOWS\system32\KERNELBASE.dll
0x00007ffcb68a0000 - 0x00007ffcb692e000 	C:\WINDOWS\system32\apphelp.dll
0x00007ffca6df0000 - 0x00007ffca6e43000 	C:\WINDOWS\AppPatch\AppPatch64\AcGenral.DLL
0x00007ffcb8d50000 - 0x00007ffcb8dfa000 	C:\WINDOWS\system32\msvcrt.dll
0x00007ffcb7b30000 - 0x00007ffcb7b5e000 	C:\WINDOWS\SYSTEM32\SspiCli.dll
0x00007ffcb8230000 - 0x00007ffcb8284000 	C:\WINDOWS\system32\SHLWAPI.dll
0x00007ffcb86c0000 - 0x00007ffcb8837000 	C:\WINDOWS\system32\USER32.dll
0x00007ffcb84f0000 - 0x00007ffcb8684000 	C:\WINDOWS\system32\ole32.dll
0x00007ffcb9570000 - 0x00007ffcbaa9a000 	C:\WINDOWS\system32\SHELL32.dll
0x00007ffcb72a0000 - 0x00007ffcb72c1000 	C:\WINDOWS\SYSTEM32\USERENV.dll
0x00007ffcbaaa0000 - 0x00007ffcbab4a000 	C:\WINDOWS\system32\ADVAPI32.dll
0x00007ffcab2b0000 - 0x00007ffcab2ce000 	C:\WINDOWS\SYSTEM32\MPR.dll
0x00007ffcb8c00000 - 0x00007ffcb8d41000 	C:\WINDOWS\system32\RPCRT4.dll
0x00007ffcbab50000 - 0x00007ffcbaba9000 	C:\WINDOWS\SYSTEM32\sechost.dll
0x00007ffcb8290000 - 0x00007ffcb84a1000 	C:\WINDOWS\SYSTEM32\combase.dll
0x00007ffcb8e00000 - 0x00007ffcb8f50000 	C:\WINDOWS\system32\GDI32.dll
0x00007ffcb7d00000 - 0x00007ffcb7d15000 	C:\WINDOWS\SYSTEM32\profapi.dll
0x00007ffcb6090000 - 0x00007ffcb6142000 	C:\WINDOWS\SYSTEM32\SHCORE.dll
0x00007ffcb84b0000 - 0x00007ffcb84e6000 	C:\WINDOWS\system32\IMM32.DLL
0x00007ffcb9090000 - 0x00007ffcb91e2000 	C:\WINDOWS\system32\MSCTF.dll
0x00007ffcb58b0000 - 0x00007ffcb5b2b000 	C:\WINDOWS\WinSxS\amd64_microsoft.windows.common-controls_6595b64144ccf1df_6.0.9600.18006_none_623f33d3ecbe86e8\COMCTL32.dll
0x0000000052490000 - 0x0000000052562000 	C:\Program Files\Java\jdk1.8.0_51\jre\bin\msvcr100.dll
0x0000000052620000 - 0x0000000052ea3000 	C:\Program Files\Java\jdk1.8.0_51\jre\bin\server\jvm.dll
0x00007ffcaee50000 - 0x00007ffcaee59000 	C:\WINDOWS\SYSTEM32\WSOCK32.dll
0x00007ffcb4850000 - 0x00007ffcb4872000 	C:\WINDOWS\SYSTEM32\WINMM.dll
0x00007ffcb0420000 - 0x00007ffcb042a000 	C:\WINDOWS\SYSTEM32\VERSION.dll
0x00007ffcb86a0000 - 0x00007ffcb86a7000 	C:\WINDOWS\system32\PSAPI.DLL
0x00007ffcb89f0000 - 0x00007ffcb8a4a000 	C:\WINDOWS\system32\WS2_32.dll
0x00007ffcb4820000 - 0x00007ffcb484a000 	C:\WINDOWS\SYSTEM32\WINMMBASE.dll
0x00007ffcb8690000 - 0x00007ffcb8699000 	C:\WINDOWS\system32\NSI.dll
0x00007ffcb7ef0000 - 0x00007ffcb7f3f000 	C:\WINDOWS\SYSTEM32\cfgmgr32.dll
0x00007ffcb6af0000 - 0x00007ffcb6b18000 	C:\WINDOWS\SYSTEM32\DEVOBJ.dll
0x0000000055070000 - 0x000000005507f000 	C:\Program Files\Java\jdk1.8.0_51\jre\bin\verify.dll
0x0000000053480000 - 0x00000000534a9000 	C:\Program Files\Java\jdk1.8.0_51\jre\bin\java.dll
0x0000000053460000 - 0x0000000053476000 	C:\Program Files\Java\jdk1.8.0_51\jre\bin\zip.dll

VM Arguments:
jvm_args: -Djava.awt.headless=true -Xmx1024M -Dfile.encoding=windows-1252 -Duser.country=US -Duser.language=en -Duser.variant 
java_command: com.android.dx.command.Main --dex --num-threads=4 --output D:\WorkSpace_Studio\GSIM\app\build\intermediates\pre-dexed\release\com.android.support-appcompat-v7-23.1.1_3165aa4bd910717636bccae637cead466c83f443.jar D:\WorkSpace_Studio\GSIM\app\build\intermediates\exploded-aar\com.android.support\appcompat-v7\23.1.1\jars\classes.jar
java_class_path (initial): C:\Users\user\AppData\Local\Android\sdk\build-tools\23.0.2\lib\dx.jar
Launcher Type: SUN_STANDARD

Environment Variables:
PATH=C:\ProgramData\Oracle\Java\javapath;c:\Program Files (x86)\Intel\iCLS Client\;c:\Program Files\Intel\iCLS Client\;C:\WINDOWS\system32;C:\WINDOWS;C:\WINDOWS\System32\Wbem;C:\WINDOWS\System32\WindowsPowerShell\v1.0\;C:\Program Files\Intel\Intel(R) Management Engine Components\DAL;C:\Program Files\Intel\Intel(R) Management Engine Components\IPT;C:\Program Files (x86)\Intel\Intel(R) Management Engine Components\DAL;C:\Program Files (x86)\Intel\Intel(R) Management Engine Components\IPT;C:\Program Files\Intel\WiFi\bin\;C:\Program Files\Common Files\Intel\WirelessCommon\;c:\Program Files (x86)\ATI Technologies\ATI.ACE\Core-Static;C:\Program Files (x86)\Java\jdk1.8.0\bin;C:\Program Files (x86)\MySQL\MySQL Server 5.0\bin;C:\Windows.old\Program Files\Java\jdk1.8.0_25\bin;C:\Program Files (x86)\Windows Kits\8.1\Windows Performance Toolkit\;C:\Program Files\Microsoft SQL Server\110\Tools\Binn\;C:\Program Files\Java\jdk1.8.0_51\bin
USERNAME=user
OS=Windows_NT
PROCESSOR_IDENTIFIER=Intel64 Family 6 Model 69 Stepping 1, GenuineIntel



---------------  S Y S T E M  ---------------

OS: Windows 8.1 , 64 bit Build 9600 (6.3.9600.17415)

CPU:total 4 (2 cores per cpu, 2 threads per core) family 6 model 69 stepping 1, cmov, cx8, fxsr, mmx, sse, sse2, sse3, ssse3, sse4.1, sse4.2, popcnt, avx, avx2, aes, clmul, erms, lzcnt, ht, tsc, tscinvbit, bmi1, bmi2

Memory: 4k page, physical 8266712k(765280k free), swap 11412440k(3396k free)

vm_info: Java HotSpot(TM) 64-Bit Server VM (25.51-b03) for windows-amd64 JRE (1.8.0_51-b16), built on Jun  8 2015 18:03:07 by "java_re" with MS VC++ 10.0 (VS2010)

time: Wed Apr 13 03:46:26 2016
elapsed time: 25 seconds (0d 0h 0m 25s)

